# JRE version: OpenJDK Runtime Environment (17.0.7) (build 17.0.7+0-b2043.56-10550314)
# Java VM: OpenJDK 64-Bit Server VM (17.0.7+0-b2043.56-10550314, mixed mode, tiered, compressed oops, compressed class ptrs, g1 gc, windows-amd64)
GC Precious Log:
 CPUs: 16 total, 16 available
 Memory: 7859M
 Large Page Support: Disabled
 NUMA Support: Disabled
 Compressed Oops: Enabled (32-bit)
 Heap Region Size: 1M
 Heap Min Capacity: 8M
 Heap Initial Capacity: 124M
 Heap Max Capacity: 2G
 Pre-touch: Disabled
 Parallel Workers: 13
 Concurrent Workers: 3
 Concurrent Refinement Workers: 13
 Periodic GC: Disabled
Heap:
 garbage-first heap   total 126976K, used 55142K [0x0000000080000000, 0x0000000100000000)
  region size 1024K, 3 young (3072K), 3 survivors (3072K)
 Metaspace       used 65296K, committed 65920K, reserved 1114112K
  class space    used 8714K, committed 9024K, reserved 1048576K
GC Heap History (20 events):
Event: 3.354 GC heap after
{Heap after GC invocations=11 (full 0):
 garbage-first heap   total 87040K, used 31385K [0x0000000080000000, 0x0000000100000000)
  region size 1024K, 6 young (6144K), 6 survivors (6144K)
 Metaspace       used 44186K, committed 44544K, reserved 1114112K
  class space    used 5801K, committed 5952K, reserved 1048576K
}
Event: 3.684 GC heap before
{Heap before GC invocations=11 (full 0):
 garbage-first heap   total 87040K, used 68249K [0x0000000080000000, 0x0000000100000000)
  region size 1024K, 40 young (40960K), 6 survivors (6144K)
 Metaspace       used 48404K, committed 48896K, reserved 1114112K
  class space    used 6403K, committed 6656K, reserved 1048576K
}
Event: 3.688 GC heap after
{Heap after GC invocations=12 (full 0):
 garbage-first heap   total 87040K, used 33836K [0x0000000080000000, 0x0000000100000000)
  region size 1024K, 3 young (3072K), 3 survivors (3072K)
 Metaspace       used 48404K, committed 48896K, reserved 1114112K
  class space    used 6403K, committed 6656K, reserved 1048576K
}
Event: 4.065 GC heap before
{Heap before GC invocations=12 (full 0):
 garbage-first heap   total 87040K, used 66604K [0x0000000080000000, 0x0000000100000000)
  region size 1024K, 35 young (35840K), 3 survivors (3072K)
 Metaspace       used 52436K, committed 52928K, reserved 1114112K
  class space    used 7051K, committed 7296K, reserved 1048576K
}
Event: 4.068 GC heap after
{Heap after GC invocations=13 (full 0):
 garbage-first heap   total 87040K, used 35106K [0x0000000080000000, 0x0000000100000000)
  region size 1024K, 4 young (4096K), 4 survivors (4096K)
 Metaspace       used 52436K, committed 52928K, reserved 1114112K
  class space    used 7051K, committed 7296K, reserved 1048576K
}
Event: 4.545 GC heap before
{Heap before GC invocations=13 (full 0):
 garbage-first heap   total 87040K, used 69922K [0x0000000080000000, 0x0000000100000000)
  region size 1024K, 37 young (37888K), 4 survivors (4096K)
 Metaspace       used 54467K, committed 54912K, reserved 1114112K
  class space    used 7286K, committed 7488K, reserved 1048576K
}
Event: 4.548 GC heap after
{Heap after GC invocations=14 (full 0):
 garbage-first heap   total 87040K, used 40792K [0x0000000080000000, 0x0000000100000000)
  region size 1024K, 5 young (5120K), 5 survivors (5120K)
 Metaspace       used 54467K, committed 54912K, reserved 1114112K
  class space    used 7286K, committed 7488K, reserved 1048576K
}
Event: 4.608 GC heap before
{Heap before GC invocations=14 (full 0):
 garbage-first heap   total 87040K, used 48984K [0x0000000080000000, 0x0000000100000000)
  region size 1024K, 13 young (13312K), 5 survivors (5120K)
 Metaspace       used 54567K, committed 55040K, reserved 1114112K
  class space    used 7293K, committed 7488K, reserved 1048576K
}
Event: 4.611 GC heap after
{Heap after GC invocations=15 (full 0):
 garbage-first heap   total 87040K, used 45886K [0x0000000080000000, 0x0000000100000000)
  region size 1024K, 4 young (4096K), 4 survivors (4096K)
 Metaspace       used 54567K, committed 55040K, reserved 1114112K
  class space    used 7293K, committed 7488K, reserved 1048576K
}
Event: 4.722 GC heap before
{Heap before GC invocations=16 (full 0):
 garbage-first heap   total 87040K, used 57150K [0x0000000080000000, 0x0000000100000000)
  region size 1024K, 16 young (16384K), 4 survivors (4096K)
 Metaspace       used 55467K, committed 55936K, reserved 1114112K
  class space    used 7402K, committed 7616K, reserved 1048576K
}
Event: 4.724 GC heap after
{Heap after GC invocations=17 (full 0):
 garbage-first heap   total 104448K, used 48369K [0x0000000080000000, 0x0000000100000000)
  region size 1024K, 2 young (2048K), 2 survivors (2048K)
 Metaspace       used 55467K, committed 55936K, reserved 1114112K
  class space    used 7402K, committed 7616K, reserved 1048576K
}
Event: 4.980 GC heap before
{Heap before GC invocations=18 (full 0):
 garbage-first heap   total 104448K, used 74993K [0x0000000080000000, 0x0000000100000000)
  region size 1024K, 27 young (27648K), 2 survivors (2048K)
 Metaspace       used 57714K, committed 58240K, reserved 1114112K
  class space    used 7735K, committed 7936K, reserved 1048576K
}
Event: 4.983 GC heap after
{Heap after GC invocations=19 (full 0):
 garbage-first heap   total 104448K, used 50229K [0x0000000080000000, 0x0000000100000000)
  region size 1024K, 3 young (3072K), 3 survivors (3072K)
 Metaspace       used 57714K, committed 58240K, reserved 1114112K
  class space    used 7735K, committed 7936K, reserved 1048576K
}
Event: 5.227 GC heap before
{Heap before GC invocations=19 (full 0):
 garbage-first heap   total 104448K, used 75829K [0x0000000080000000, 0x0000000100000000)
  region size 1024K, 29 young (29696K), 3 survivors (3072K)
 Metaspace       used 60762K, committed 61312K, reserved 1114112K
  class space    used 8093K, committed 8320K, reserved 1048576K
}
Event: 5.229 GC heap after
{Heap after GC invocations=20 (full 0):
 garbage-first heap   total 104448K, used 50941K [0x0000000080000000, 0x0000000100000000)
  region size 1024K, 3 young (3072K), 3 survivors (3072K)
 Metaspace       used 60762K, committed 61312K, reserved 1114112K
  class space    used 8093K, committed 8320K, reserved 1048576K
}
Event: 5.606 GC heap before
{Heap before GC invocations=21 (full 0):
 garbage-first heap   total 104448K, used 79613K [0x0000000080000000, 0x0000000100000000)
  region size 1024K, 31 young (31744K), 3 survivors (3072K)
 Metaspace       used 65254K, committed 65792K, reserved 1114112K
  class space    used 8709K, committed 8960K, reserved 1048576K
}
Event: 5.609 GC heap after
{Heap after GC invocations=22 (full 0):
 garbage-first heap   total 104448K, used 53168K [0x0000000080000000, 0x0000000100000000)
  region size 1024K, 4 young (4096K), 4 survivors (4096K)
 Metaspace       used 65254K, committed 65792K, reserved 1114112K
  class space    used 8709K, committed 8960K, reserved 1048576K
}
Event: 5.618 GC heap before
{Heap before GC invocations=22 (full 0):
 garbage-first heap   total 104448K, used 55216K [0x0000000080000000, 0x0000000100000000)
  region size 1024K, 5 young (5120K), 4 survivors (4096K)
 Metaspace       used 65296K, committed 65920K, reserved 1114112K
  class space    used 8714K, committed 9024K, reserved 1048576K
}
Event: 5.621 GC heap after
{Heap after GC invocations=23 (full 0):
 garbage-first heap   total 104448K, used 53129K [0x0000000080000000, 0x0000000100000000)
  region size 1024K, 1 young (1024K), 1 survivors (1024K)
 Metaspace       used 65296K, committed 65920K, reserved 1114112K
  class space    used 8714K, committed 9024K, reserved 1048576K
}
Event: 5.625 GC heap before
{Heap before GC invocations=23 (full 0):
 garbage-first heap   total 104448K, used 56201K [0x0000000080000000, 0x0000000100000000)
  region size 1024K, 5 young (5120K), 1 survivors (1024K)
 Metaspace       used 65296K, committed 65920K, reserved 1114112K
  class space    used 8714K, committed 9024K, reserved 1048576K
}

