# JRE version: OpenJDK Runtime Environment (17.0.7) (build 17.0.7+0-b2043.56-10550314)
# Java VM: OpenJDK 64-Bit Server VM (17.0.7+0-b2043.56-10550314, mixed mode, tiered, compressed oops, compressed class ptrs, g1 gc, windows-amd64)
GC Precious Log:
 CPUs: 16 total, 16 available
 Memory: 7859M
 Large Page Support: Disabled
 NUMA Support: Disabled
 Compressed Oops: Enabled (32-bit)
 Heap Region Size: 1M
 Heap Min Capacity: 8M
 Heap Initial Capacity: 124M
 Heap Max Capacity: 2G
 Pre-touch: Disabled
 Parallel Workers: 13
 Concurrent Workers: 3
 Concurrent Refinement Workers: 13
 Periodic GC: Disabled
Heap:
 garbage-first heap   total 86016K, used 49816K [0x0000000080000000, 0x0000000100000000)
  region size 1024K, 2 young (2048K), 2 survivors (2048K)
 Metaspace       used 55996K, committed 56512K, reserved 1114112K
  class space    used 7522K, committed 7744K, reserved 1048576K
GC Heap History (20 events):
Event: 1.986 GC heap after
{Heap after GC invocations=5 (full 0):
 garbage-first heap   total 71680K, used 21027K [0x0000000080000000, 0x0000000100000000)
  region size 1024K, 3 young (3072K), 3 survivors (3072K)
 Metaspace       used 26070K, committed 26368K, reserved 1114112K
  class space    used 3394K, committed 3520K, reserved 1048576K
}
Event: 2.270 GC heap before
{Heap before GC invocations=5 (full 0):
 garbage-first heap   total 71680K, used 49699K [0x0000000080000000, 0x0000000100000000)
  region size 1024K, 31 young (31744K), 3 survivors (3072K)
 Metaspace       used 30084K, committed 30400K, reserved 1114112K
  class space    used 4047K, committed 4160K, reserved 1048576K
}
Event: 2.273 GC heap after
{Heap after GC invocations=6 (full 0):
 garbage-first heap   total 71680K, used 22324K [0x0000000080000000, 0x0000000100000000)
  region size 1024K, 4 young (4096K), 4 survivors (4096K)
 Metaspace       used 30084K, committed 30400K, reserved 1114112K
  class space    used 4047K, committed 4160K, reserved 1048576K
}
Event: 2.624 GC heap before
{Heap before GC invocations=6 (full 0):
 garbage-first heap   total 71680K, used 52020K [0x0000000080000000, 0x0000000100000000)
  region size 1024K, 33 young (33792K), 4 survivors (4096K)
 Metaspace       used 34325K, committed 34624K, reserved 1114112K
  class space    used 4702K, committed 4800K, reserved 1048576K
}
Event: 2.627 GC heap after
{Heap after GC invocations=7 (full 0):
 garbage-first heap   total 71680K, used 23851K [0x0000000080000000, 0x0000000100000000)
  region size 1024K, 3 young (3072K), 3 survivors (3072K)
 Metaspace       used 34325K, committed 34624K, reserved 1114112K
  class space    used 4702K, committed 4800K, reserved 1048576K
}
Event: 2.691 GC heap before
{Heap before GC invocations=7 (full 0):
 garbage-first heap   total 71680K, used 31019K [0x0000000080000000, 0x0000000100000000)
  region size 1024K, 11 young (11264K), 3 survivors (3072K)
 Metaspace       used 35617K, committed 35968K, reserved 1114112K
  class space    used 4916K, committed 5120K, reserved 1048576K
}
Event: 2.694 GC heap after
{Heap after GC invocations=8 (full 0):
 garbage-first heap   total 71680K, used 24658K [0x0000000080000000, 0x0000000100000000)
  region size 1024K, 3 young (3072K), 3 survivors (3072K)
 Metaspace       used 35617K, committed 35968K, reserved 1114112K
  class space    used 4916K, committed 5120K, reserved 1048576K
}
Event: 3.001 GC heap before
{Heap before GC invocations=9 (full 0):
 garbage-first heap   total 71680K, used 52306K [0x0000000080000000, 0x0000000100000000)
  region size 1024K, 31 young (31744K), 3 survivors (3072K)
 Metaspace       used 41203K, committed 41600K, reserved 1114112K
  class space    used 5472K, committed 5632K, reserved 1048576K
}
Event: 3.004 GC heap after
{Heap after GC invocations=10 (full 0):
 garbage-first heap   total 86016K, used 28127K [0x0000000080000000, 0x0000000100000000)
  region size 1024K, 4 young (4096K), 4 survivors (4096K)
 Metaspace       used 41203K, committed 41600K, reserved 1114112K
  class space    used 5472K, committed 5632K, reserved 1048576K
}
Event: 3.317 GC heap before
{Heap before GC invocations=10 (full 0):
 garbage-first heap   total 86016K, used 69087K [0x0000000080000000, 0x0000000100000000)
  region size 1024K, 40 young (40960K), 4 survivors (4096K)
 Metaspace       used 44107K, committed 44480K, reserved 1114112K
  class space    used 5802K, committed 5952K, reserved 1048576K
}
Event: 3.323 GC heap after
{Heap after GC invocations=11 (full 0):
 garbage-first heap   total 86016K, used 31088K [0x0000000080000000, 0x0000000100000000)
  region size 1024K, 5 young (5120K), 5 survivors (5120K)
 Metaspace       used 44107K, committed 44480K, reserved 1114112K
  class space    used 5802K, committed 5952K, reserved 1048576K
}
Event: 3.685 GC heap before
{Heap before GC invocations=11 (full 0):
 garbage-first heap   total 86016K, used 66928K [0x0000000080000000, 0x0000000100000000)
  region size 1024K, 39 young (39936K), 5 survivors (5120K)
 Metaspace       used 48130K, committed 48640K, reserved 1114112K
  class space    used 6367K, committed 6592K, reserved 1048576K
}
Event: 3.689 GC heap after
{Heap after GC invocations=12 (full 0):
 garbage-first heap   total 86016K, used 33896K [0x0000000080000000, 0x0000000100000000)
  region size 1024K, 3 young (3072K), 3 survivors (3072K)
 Metaspace       used 48130K, committed 48640K, reserved 1114112K
  class space    used 6367K, committed 6592K, reserved 1048576K
}
Event: 4.053 GC heap before
{Heap before GC invocations=12 (full 0):
 garbage-first heap   total 86016K, used 65640K [0x0000000080000000, 0x0000000100000000)
  region size 1024K, 34 young (34816K), 3 survivors (3072K)
 Metaspace       used 51972K, committed 52480K, reserved 1114112K
  class space    used 7000K, committed 7232K, reserved 1048576K
}
Event: 4.056 GC heap after
{Heap after GC invocations=13 (full 0):
 garbage-first heap   total 86016K, used 34930K [0x0000000080000000, 0x0000000100000000)
  region size 1024K, 4 young (4096K), 4 survivors (4096K)
 Metaspace       used 51972K, committed 52480K, reserved 1114112K
  class space    used 7000K, committed 7232K, reserved 1048576K
}
Event: 4.534 GC heap before
{Heap before GC invocations=13 (full 0):
 garbage-first heap   total 86016K, used 66674K [0x0000000080000000, 0x0000000100000000)
  region size 1024K, 36 young (36864K), 4 survivors (4096K)
 Metaspace       used 54242K, committed 54720K, reserved 1114112K
  class space    used 7291K, committed 7488K, reserved 1048576K
}
Event: 4.538 GC heap after
{Heap after GC invocations=14 (full 0):
 garbage-first heap   total 86016K, used 38149K [0x0000000080000000, 0x0000000100000000)
  region size 1024K, 5 young (5120K), 5 survivors (5120K)
 Metaspace       used 54242K, committed 54720K, reserved 1114112K
  class space    used 7291K, committed 7488K, reserved 1048576K
}
Event: 4.667 GC heap before
{Heap before GC invocations=14 (full 0):
 garbage-first heap   total 86016K, used 52485K [0x0000000080000000, 0x0000000100000000)
  region size 1024K, 17 young (17408K), 5 survivors (5120K)
 Metaspace       used 54427K, committed 54912K, reserved 1114112K
  class space    used 7303K, committed 7552K, reserved 1048576K
}
Event: 4.670 GC heap after
{Heap after GC invocations=15 (full 0):
 garbage-first heap   total 86016K, used 46490K [0x0000000080000000, 0x0000000100000000)
  region size 1024K, 5 young (5120K), 5 survivors (5120K)
 Metaspace       used 54427K, committed 54912K, reserved 1114112K
  class space    used 7303K, committed 7552K, reserved 1048576K
}
Event: 4.852 GC heap before
{Heap before GC invocations=16 (full 0):
 garbage-first heap   total 86016K, used 67994K [0x0000000080000000, 0x0000000100000000)
  region size 1024K, 25 young (25600K), 5 survivors (5120K)
 Metaspace       used 55996K, committed 56512K, reserved 1114112K
  class space    used 7522K, committed 7744K, reserved 1048576K
}

